2025-03-21 21:33:01,855 - INFO - Epoch [1/10], Loss: 1.4660
2025-03-21 21:33:26,774 - INFO - Epoch [2/10], Loss: 1.0870
2025-03-21 21:33:51,329 - INFO - Epoch [3/10], Loss: 0.9600
2025-03-21 21:34:15,968 - INFO - Epoch [4/10], Loss: 0.8795
2025-03-21 21:34:40,607 - INFO - Epoch [5/10], Loss: 0.8250
2025-03-21 21:35:05,112 - INFO - Epoch [6/10], Loss: 0.7793
2025-03-21 21:35:30,073 - INFO - Epoch [7/10], Loss: 0.7358
2025-03-21 21:35:53,854 - INFO - Epoch [8/10], Loss: 0.7081
2025-03-21 21:36:18,637 - INFO - Epoch [9/10], Loss: 0.6764
2025-03-21 21:36:43,312 - INFO - Epoch [10/10], Loss: 0.6506
2025-03-21 21:36:43,361 - INFO - 模型已保存到 ./model/mnist_resnet_test.pth
2025-03-21 21:36:47,330 - INFO - Test Accuracy: 73.88%
2025-03-21 21:38:58,992 - INFO - Epoch [1/10], Loss: 2.3747
2025-03-21 21:39:28,876 - INFO - Epoch [2/10], Loss: 2.3735
2025-03-21 21:39:58,719 - INFO - Epoch [3/10], Loss: 2.3754
2025-03-21 21:40:28,765 - INFO - Epoch [4/10], Loss: 2.3755
2025-03-21 21:40:58,744 - INFO - Epoch [5/10], Loss: 2.3751
2025-03-21 21:41:28,570 - INFO - Epoch [6/10], Loss: 2.3745
2025-03-21 21:41:58,632 - INFO - Epoch [7/10], Loss: 2.3743
2025-03-21 21:42:28,635 - INFO - Epoch [8/10], Loss: 2.3755
2025-03-21 21:42:58,687 - INFO - Epoch [9/10], Loss: 2.3747
2025-03-21 21:43:28,108 - INFO - Epoch [10/10], Loss: 2.3739
2025-03-21 21:43:28,267 - INFO - 模型已保存到 ./model/mnist_resnet_test.pth
2025-03-21 21:43:32,946 - INFO - Test Accuracy: 10.10%
2025-03-21 21:44:52,121 - INFO - Epoch [1/10], Loss: 17.4127
2025-03-21 21:45:19,301 - INFO - Epoch [2/10], Loss: 17.4182
2025-03-21 21:46:11,594 - INFO - Epoch [1/10], Loss: 1.4677
2025-03-21 21:46:42,864 - INFO - Epoch [2/10], Loss: 1.0805
2025-03-21 21:47:14,270 - INFO - Epoch [3/10], Loss: 0.9583
2025-03-21 21:47:45,514 - INFO - Epoch [4/10], Loss: 0.8761
2025-03-21 21:48:16,461 - INFO - Epoch [5/10], Loss: 0.8206
2025-03-21 21:48:47,634 - INFO - Epoch [6/10], Loss: 0.7804
2025-03-21 21:49:18,837 - INFO - Epoch [7/10], Loss: 0.7395
2025-03-21 21:49:49,971 - INFO - Epoch [8/10], Loss: 0.7105
2025-03-21 21:50:21,496 - INFO - Epoch [9/10], Loss: 0.6787
2025-03-21 21:50:52,930 - INFO - Epoch [10/10], Loss: 0.6574
2025-03-21 21:50:52,998 - INFO - 模型已保存到 ./model/mnist_resnet_test.pth
2025-03-21 21:50:57,329 - INFO - Test Accuracy: 74.14%
2025-03-21 21:51:57,704 - INFO - Epoch [1/10], Loss: 1.4593
2025-03-21 21:52:28,958 - INFO - Epoch [2/10], Loss: 1.0880
2025-03-21 21:53:00,041 - INFO - Epoch [3/10], Loss: 0.9582
2025-03-21 21:53:30,918 - INFO - Epoch [4/10], Loss: 0.8842
2025-03-21 21:54:01,936 - INFO - Epoch [5/10], Loss: 0.8228
2025-03-21 21:54:32,891 - INFO - Epoch [6/10], Loss: 0.7786
2025-03-21 21:55:03,810 - INFO - Epoch [7/10], Loss: 0.7403
2025-03-21 21:55:35,122 - INFO - Epoch [8/10], Loss: 0.7030
2025-03-21 21:56:06,392 - INFO - Epoch [9/10], Loss: 0.6800
2025-03-21 21:56:37,880 - INFO - Epoch [10/10], Loss: 0.6552
2025-03-21 21:56:37,941 - INFO - 模型已保存到 ./model/mnist_resnet_test.pth
2025-03-21 21:56:42,171 - INFO - Test Accuracy: 74.05%
2025-03-21 22:01:03,189 - INFO - Epoch [1/20], Loss: 1.4676
2025-03-21 22:01:34,758 - INFO - Epoch [2/20], Loss: 1.0857
2025-03-21 22:02:06,540 - INFO - Epoch [3/20], Loss: 0.9618
2025-03-21 22:02:38,055 - INFO - Epoch [4/20], Loss: 0.8801
2025-03-21 22:03:09,055 - INFO - Epoch [5/20], Loss: 0.8226
2025-03-21 22:03:40,472 - INFO - Epoch [6/20], Loss: 0.7747
2025-03-21 22:04:11,756 - INFO - Epoch [7/20], Loss: 0.7392
2025-03-21 22:04:42,919 - INFO - Epoch [8/20], Loss: 0.7091
2025-03-21 22:05:14,293 - INFO - Epoch [9/20], Loss: 0.6776
2025-03-21 22:05:45,676 - INFO - Epoch [10/20], Loss: 0.6484
2025-03-21 22:06:17,190 - INFO - Epoch [11/20], Loss: 0.6248
2025-03-21 22:06:48,493 - INFO - Epoch [12/20], Loss: 0.6047
2025-03-21 22:07:19,853 - INFO - Epoch [13/20], Loss: 0.5825
2025-03-21 22:07:51,162 - INFO - Epoch [14/20], Loss: 0.5610
2025-03-21 22:08:22,649 - INFO - Epoch [15/20], Loss: 0.5394
2025-03-21 22:08:53,541 - INFO - Epoch [16/20], Loss: 0.5202
2025-03-21 22:09:25,083 - INFO - Epoch [17/20], Loss: 0.5063
2025-03-21 22:09:56,542 - INFO - Epoch [18/20], Loss: 0.4931
2025-03-21 22:10:28,046 - INFO - Epoch [19/20], Loss: 0.4761
2025-03-21 22:10:59,567 - INFO - Epoch [20/20], Loss: 0.4565
2025-03-21 22:10:59,630 - INFO - 模型已保存到 ./model/mnist_resnet_test.pth
2025-03-21 22:11:04,244 - INFO - Test Accuracy: 75.86%
2025-03-21 22:11:52,973 - INFO - 从 ./model/mnist_resnet_test.pth 加载模型权重
2025-03-21 22:12:21,581 - INFO - Epoch [1/20], Loss: 0.4382
2025-03-21 22:12:52,634 - INFO - Epoch [2/20], Loss: 0.4276
2025-03-21 22:13:08,368 - INFO - 从 ./model/mnist_resnet_test.pth 加载模型权重
2025-03-21 22:13:37,458 - INFO - Epoch [1/20], Loss: 0.8924
2025-03-21 22:14:08,702 - INFO - Epoch [2/20], Loss: 0.7294
2025-03-21 22:14:39,919 - INFO - Epoch [3/20], Loss: 0.6602
2025-03-21 22:15:11,054 - INFO - Epoch [4/20], Loss: 0.6098
2025-03-21 22:15:41,946 - INFO - Epoch [5/20], Loss: 0.5651
2025-03-21 22:16:13,190 - INFO - Epoch [6/20], Loss: 0.5343
2025-03-21 22:16:44,165 - INFO - Epoch [7/20], Loss: 0.5018
2025-03-21 22:17:15,312 - INFO - Epoch [8/20], Loss: 0.4879
2025-03-21 22:17:46,379 - INFO - Epoch [9/20], Loss: 0.4639
2025-03-21 22:18:17,635 - INFO - Epoch [10/20], Loss: 0.4435
2025-03-21 22:18:48,686 - INFO - Epoch [11/20], Loss: 0.4252
2025-03-21 22:19:19,568 - INFO - Epoch [12/20], Loss: 0.4097
2025-03-21 22:19:50,552 - INFO - Epoch [13/20], Loss: 0.3879
2025-03-21 22:20:21,839 - INFO - Epoch [14/20], Loss: 0.3763
2025-03-23 17:14:35,057 - INFO - 从 ./model/mnist_resnet_test.pth 加载模型权重
2025-03-23 17:15:08,076 - INFO - Epoch [1/20], Loss: 0.1823
2025-03-23 17:15:41,459 - INFO - Epoch [2/20], Loss: 0.0694
2025-03-23 17:16:14,766 - INFO - Epoch [3/20], Loss: 0.0551
2025-03-23 17:16:48,394 - INFO - Epoch [4/20], Loss: 0.0471
2025-03-23 17:17:22,047 - INFO - Epoch [5/20], Loss: 0.0403
2025-03-23 17:17:55,558 - INFO - Epoch [6/20], Loss: 0.0361
2025-03-23 17:18:28,949 - INFO - Epoch [7/20], Loss: 0.0331
2025-03-23 17:19:02,339 - INFO - Epoch [8/20], Loss: 0.0321
2025-03-23 17:19:35,722 - INFO - Epoch [9/20], Loss: 0.0281
2025-03-23 17:20:09,292 - INFO - Epoch [10/20], Loss: 0.0271
2025-03-23 17:20:42,698 - INFO - Epoch [11/20], Loss: 0.0266
2025-03-23 17:21:16,277 - INFO - Epoch [12/20], Loss: 0.0238
2025-03-23 17:21:49,565 - INFO - Epoch [13/20], Loss: 0.0232
2025-03-23 17:22:22,759 - INFO - Epoch [14/20], Loss: 0.0215
2025-03-23 17:22:56,297 - INFO - Epoch [15/20], Loss: 0.0213
2025-03-23 17:23:29,731 - INFO - Epoch [16/20], Loss: 0.0195
2025-03-23 17:24:03,205 - INFO - Epoch [17/20], Loss: 0.0189
2025-03-23 17:24:36,712 - INFO - Epoch [18/20], Loss: 0.0174
2025-03-23 17:25:10,146 - INFO - Epoch [19/20], Loss: 0.0171
2025-03-23 17:25:43,433 - INFO - Epoch [20/20], Loss: 0.0164
2025-03-23 17:25:43,506 - INFO - 模型已保存到 ./model/mnist_resnet_test19.pth
2025-03-23 17:25:47,975 - INFO - Test Accuracy: 98.77%
2025-03-23 18:35:03,162 - INFO - 从 ./model/mnist_resnet_test.pth 加载模型权重
2025-03-23 18:35:40,847 - INFO - Epoch [1/20], Loss: 0.1944
2025-03-23 18:36:21,495 - INFO - Epoch [2/20], Loss: 0.0732
2025-03-23 18:37:02,225 - INFO - Epoch [3/20], Loss: 0.0540
2025-03-23 21:23:56,498 - INFO - Epoch [1/20], Loss: 18.5696
2025-03-23 21:24:27,833 - INFO - Epoch [2/20], Loss: 18.5506
2025-03-23 21:24:59,361 - INFO - Epoch [3/20], Loss: 18.5447
2025-03-23 21:25:30,761 - INFO - Epoch [4/20], Loss: 18.5384
2025-03-23 21:26:02,353 - INFO - Epoch [5/20], Loss: 18.5384
2025-03-23 21:26:33,989 - INFO - Epoch [6/20], Loss: 18.5308
2025-03-23 21:27:05,337 - INFO - Epoch [7/20], Loss: 18.5453
2025-03-23 21:27:36,711 - INFO - Epoch [8/20], Loss: 18.5467
2025-03-23 21:28:08,144 - INFO - Epoch [9/20], Loss: 18.5622
2025-03-23 21:28:39,904 - INFO - Epoch [10/20], Loss: 18.5735
2025-03-23 21:29:11,726 - INFO - Epoch [11/20], Loss: 18.5717
2025-03-23 21:29:43,365 - INFO - Epoch [12/20], Loss: 18.5406
2025-03-23 21:30:15,064 - INFO - Epoch [13/20], Loss: 18.5372
2025-03-23 21:30:46,872 - INFO - Epoch [14/20], Loss: 18.5476
2025-03-23 21:31:18,691 - INFO - Epoch [15/20], Loss: 18.5405
2025-03-23 21:31:50,321 - INFO - Epoch [16/20], Loss: 18.5489
2025-03-23 21:32:21,897 - INFO - Epoch [17/20], Loss: 18.5436
2025-03-23 21:32:53,492 - INFO - Epoch [18/20], Loss: 18.5689
2025-03-23 21:33:25,025 - INFO - Epoch [19/20], Loss: 18.5428
2025-03-23 21:33:56,815 - INFO - Epoch [20/20], Loss: 18.5402
2025-03-23 21:33:57,471 - INFO - 模型已保存到 ./model/mnist_resnet_test19.pth
2025-03-23 21:34:01,855 - INFO - Test Accuracy: 0.00%
2025-03-23 21:46:41,308 - INFO - Epoch [1/20], Loss: 2.5060
2025-03-23 21:47:17,504 - INFO - Epoch [2/20], Loss: 2.5083
2025-03-23 21:47:54,010 - INFO - Epoch [3/20], Loss: 2.5127
2025-03-23 21:48:29,889 - INFO - Epoch [4/20], Loss: 2.5073
2025-03-23 21:49:06,310 - INFO - Epoch [5/20], Loss: 2.5056
2025-03-23 21:49:42,324 - INFO - Epoch [6/20], Loss: 2.5096
2025-03-23 21:50:18,537 - INFO - Epoch [7/20], Loss: 2.5082
2025-03-23 21:50:54,546 - INFO - Epoch [8/20], Loss: 2.5085
2025-03-23 21:51:30,782 - INFO - Epoch [9/20], Loss: 2.5071
2025-03-23 21:52:06,480 - INFO - Epoch [10/20], Loss: 2.5107
2025-03-23 21:52:42,664 - INFO - Epoch [11/20], Loss: 2.5095
2025-03-23 21:53:19,192 - INFO - Epoch [12/20], Loss: 2.5088
2025-03-23 21:53:55,634 - INFO - Epoch [13/20], Loss: 2.5056
2025-03-23 21:54:31,753 - INFO - Epoch [14/20], Loss: 2.5090
2025-03-23 21:55:07,373 - INFO - Epoch [15/20], Loss: 2.5091
2025-03-23 21:55:43,563 - INFO - Epoch [16/20], Loss: 2.5119
2025-03-23 21:56:19,785 - INFO - Epoch [17/20], Loss: 2.5057
2025-03-23 21:56:55,695 - INFO - Epoch [18/20], Loss: 2.5116
2025-03-23 21:57:31,747 - INFO - Epoch [19/20], Loss: 2.5105
2025-03-23 21:58:08,342 - INFO - Epoch [20/20], Loss: 2.5094
2025-03-23 21:58:08,476 - INFO - 模型已保存到 ./model/mnist_resnet_test19.pth
2025-03-23 21:58:12,600 - INFO - Test Accuracy: 9.78%
